#
# There is insufficient memory for the Java Runtime Environment to continue.
# Native memory allocation (mmap) failed to map 7969177600 bytes for committing reserved memory.
# Possible reasons:
#   The system is out of physical RAM or swap space
#   The process is running with CompressedOops enabled, and the Java Heap may be blocking the growth of the native heap
# Possible solutions:
#   Reduce memory load on the system
#   Increase physical memory or swap space
#   Check if swap backing store is full
#   Decrease Java heap size (-Xmx/-Xms)
#   Decrease number of Java threads
#   Decrease Java thread stack sizes (-Xss)
#   Set larger code cache with -XX:ReservedCodeCacheSize=
# This output file may be truncated or incomplete.
#
#  Out of Memory Error (os_linux.cpp:2893), pid=1936, tid=1937
#
# JRE version:  (11.0.4+11) (build )
# Java VM: OpenJDK 64-Bit Server VM (11.0.4+11-post-Ubuntu-1ubuntu218.04.3, mixed mode, aot, sharing, tiered, compressed oops, g1 gc, linux-amd64)
# Core dump will be written. Default location: Core dumps may be processed with "/usr/share/apport/apport %p %s %c %d %P" (or dumping to /home/kensim/MC_Server_SUTD_3/core.1936)
#

---------------  S U M M A R Y ------------

Command Line: -Xmx7600M -Xms7600M spigot-1.14.4.jar

Host: Intel(R) Xeon(R) CPU E5-2673 v4 @ 2.30GHz, 2 cores, 7G, Ubuntu 18.04.3 LTS
Time: Wed Nov 13 09:54:12 2019 UTC elapsed time: 0 seconds (0d 0h 0m 0s)

---------------  T H R E A D  ---------------

Current thread (0x00007f5ab4011800):  JavaThread "Unknown thread" [_thread_in_vm, id=1937, stack(0x00007f5abcba6000,0x00007f5abcca7000)]

Stack: [0x00007f5abcba6000,0x00007f5abcca7000],  sp=0x00007f5abcca52c0,  free space=1020k
Native frames: (J=compiled Java code, A=aot compiled Java code, j=interpreted, Vv=VM code, C=native code)
V  [libjvm.so+0xde4547]
V  [libjvm.so+0xde519b]
V  [libjvm.so+0x6511a5]
V  [libjvm.so+0xbbed38]
V  [libjvm.so+0xbb5ebd]
V  [libjvm.so+0x76f53f]
V  [libjvm.so+0x76f7ae]
V  [libjvm.so+0x77b820]
V  [libjvm.so+0x7f6969]
V  [libjvm.so+0x7f75c2]
V  [libjvm.so+0x7f7a29]
V  [libjvm.so+0x72de6f]
V  [libjvm.so+0x72e55d]
V  [libjvm.so+0xd9ea32]
V  [libjvm.so+0xd9ecc6]
V  [libjvm.so+0x80f907]
V  [libjvm.so+0xd7d627]
V  [libjvm.so+0x8c8611]  JNI_CreateJavaVM+0x51
C  [libjli.so+0x4a66]
C  [libjli.so+0x92cd]


---------------  P R O C E S S  ---------------

Threads class SMR info:
_java_thread_list=0x000055e6483c62a0, length=0, elements={
}

Java Threads: ( => current thread )

Other Threads:
  0x00007f5ab4027800 GCTaskThread "GC Thread#0" [stack: 0x00007f5ab8b8c000,0x00007f5ab8c8c000] [id=1939]
  0x00007f5ab405f000 ConcurrentGCThread "G1 Main Marker" [stack: 0x00007f5ab8888000,0x00007f5ab8988000] [id=1940]
  0x00007f5ab4061000 ConcurrentGCThread "G1 Conc#0" [stack: 0x00007f5ab8786000,0x00007f5ab8886000] [id=1941]

[error occurred during error reporting (printing all threads), id 0xb, SIGSEGV (0xb) at pc=0x00007f5abb17a040]

VM state:not at safepoint (not fully initialized)

VM Mutex/Monitor currently owned by a thread:  ([mutex/lock_event])
[0x00007f5ab400e3f0] Heap_lock - owner thread: 0x00007f5ab4011800

Heap address: 0x0000000625000000, size: 7600 MB, Compressed Oops mode: Non-zero based: 0x0000000625000000
Narrow klass base: 0x0000000000000000, Narrow klass shift: 0

GC Heap History (0 events):
No events

Deoptimization events (0 events):
No events

Classes redefined (0 events):
No events

Internal exceptions (0 events):
No events

Events (0 events):
No events


Dynamic libraries:
55e648130000-55e648131000 r-xp 00000000 08:01 777952                     /usr/lib/jvm/java-11-openjdk-amd64/bin/java
55e648331000-55e648332000 r--p 00001000 08:01 777952                     /usr/lib/jvm/java-11-openjdk-amd64/bin/java
55e648332000-55e648333000 rw-p 00002000 08:01 777952                     /usr/lib/jvm/java-11-openjdk-amd64/bin/java
55e6483ae000-55e6483cf000 rw-p 00000000 00:00 0                          [heap]
7f5a78000000-7f5a78021000 rw-p 00000000 00:00 0 
7f5a78021000-7f5a7c000000 ---p 00000000 00:00 0 
7f5a80000000-7f5a80021000 rw-p 00000000 00:00 0 
7f5a80021000-7f5a84000000 ---p 00000000 00:00 0 
7f5a845f8000-7f5a865f8000 rw-p 00000000 00:00 0 
7f5a865f8000-7f5a98000000 ---p 00000000 00:00 0 
7f5a98000000-7f5a98021000 rw-p 00000000 00:00 0 
7f5a98021000-7f5a9c000000 ---p 00000000 00:00 0 
7f5a9c956000-7f5a9cbc6000 rwxp 00000000 00:00 0 
7f5a9cbc6000-7f5a9cee5000 ---p 00000000 00:00 0 
7f5a9cee5000-7f5a9d155000 rwxp 00000000 00:00 0 
7f5a9d155000-7f5aa441d000 ---p 00000000 00:00 0 
7f5aa441d000-7f5aa468d000 rwxp 00000000 00:00 0 
7f5aa468d000-7f5aab956000 ---p 00000000 00:00 0 
7f5aab956000-7f5ab4000000 r--s 00000000 08:01 778115                     /usr/lib/jvm/java-11-openjdk-amd64/lib/modules
7f5ab4000000-7f5ab4073000 rw-p 00000000 00:00 0 
7f5ab4073000-7f5ab8000000 ---p 00000000 00:00 0 
7f5ab8582000-7f5ab8784000 rw-p 00000000 00:00 0 
7f5ab8784000-7f5ab8785000 ---p 00000000 00:00 0 
7f5ab8785000-7f5ab8886000 rw-p 00000000 00:00 0 
7f5ab8886000-7f5ab8887000 ---p 00000000 00:00 0 
7f5ab8887000-7f5ab8b8a000 rw-p 00000000 00:00 0 
7f5ab8b8a000-7f5ab8b8b000 ---p 00000000 00:00 0 
7f5ab8b8b000-7f5ab8c91000 rw-p 00000000 00:00 0 
7f5ab8c91000-7f5ab8d77000 ---p 00000000 00:00 0 
7f5ab8d77000-7f5ab8d7c000 rw-p 00000000 00:00 0 
7f5ab8d7c000-7f5ab8e62000 ---p 00000000 00:00 0 
7f5ab8e62000-7f5ab8e67000 r-xp 00000000 08:01 778097                     /usr/lib/jvm/java-11-openjdk-amd64/lib/libjimage.so
7f5ab8e67000-7f5ab9066000 ---p 00005000 08:01 778097                     /usr/lib/jvm/java-11-openjdk-amd64/lib/libjimage.so
7f5ab9066000-7f5ab9067000 r--p 00004000 08:01 778097                     /usr/lib/jvm/java-11-openjdk-amd64/lib/libjimage.so
7f5ab9067000-7f5ab9068000 rw-p 00005000 08:01 778097                     /usr/lib/jvm/java-11-openjdk-amd64/lib/libjimage.so
7f5ab9068000-7f5ab906f000 r-xp 00000000 08:01 778114                     /usr/lib/jvm/java-11-openjdk-amd64/lib/libzip.so
7f5ab906f000-7f5ab926e000 ---p 00007000 08:01 778114                     /usr/lib/jvm/java-11-openjdk-amd64/lib/libzip.so
7f5ab926e000-7f5ab926f000 r--p 00006000 08:01 778114                     /usr/lib/jvm/java-11-openjdk-amd64/lib/libzip.so
7f5ab926f000-7f5ab9270000 rw-p 00007000 08:01 778114                     /usr/lib/jvm/java-11-openjdk-amd64/lib/libzip.so
7f5ab9270000-7f5ab927b000 r-xp 00000000 08:01 2093                       /lib/x86_64-linux-gnu/libnss_files-2.27.so
7f5ab927b000-7f5ab947a000 ---p 0000b000 08:01 2093                       /lib/x86_64-linux-gnu/libnss_files-2.27.so
7f5ab947a000-7f5ab947b000 r--p 0000a000 08:01 2093                       /lib/x86_64-linux-gnu/libnss_files-2.27.so
7f5ab947b000-7f5ab947c000 rw-p 0000b000 08:01 2093                       /lib/x86_64-linux-gnu/libnss_files-2.27.so
7f5ab947c000-7f5ab9482000 rw-p 00000000 00:00 0 
7f5ab9482000-7f5ab9499000 r-xp 00000000 08:01 2090                       /lib/x86_64-linux-gnu/libnsl-2.27.so
7f5ab9499000-7f5ab9698000 ---p 00017000 08:01 2090                       /lib/x86_64-linux-gnu/libnsl-2.27.so
7f5ab9698000-7f5ab9699000 r--p 00016000 08:01 2090                       /lib/x86_64-linux-gnu/libnsl-2.27.so
7f5ab9699000-7f5ab969a000 rw-p 00017000 08:01 2090                       /lib/x86_64-linux-gnu/libnsl-2.27.so
7f5ab969a000-7f5ab969c000 rw-p 00000000 00:00 0 
7f5ab969c000-7f5ab96a7000 r-xp 00000000 08:01 2095                       /lib/x86_64-linux-gnu/libnss_nis-2.27.so
7f5ab96a7000-7f5ab98a6000 ---p 0000b000 08:01 2095                       /lib/x86_64-linux-gnu/libnss_nis-2.27.so
7f5ab98a6000-7f5ab98a7000 r--p 0000a000 08:01 2095                       /lib/x86_64-linux-gnu/libnss_nis-2.27.so
7f5ab98a7000-7f5ab98a8000 rw-p 0000b000 08:01 2095                       /lib/x86_64-linux-gnu/libnss_nis-2.27.so
7f5ab98a8000-7f5ab98b0000 r-xp 00000000 08:01 2091                       /lib/x86_64-linux-gnu/libnss_compat-2.27.so
7f5ab98b0000-7f5ab9ab0000 ---p 00008000 08:01 2091                       /lib/x86_64-linux-gnu/libnss_compat-2.27.so
7f5ab9ab0000-7f5ab9ab1000 r--p 00008000 08:01 2091                       /lib/x86_64-linux-gnu/libnss_compat-2.27.so
7f5ab9ab1000-7f5ab9ab2000 rw-p 00009000 08:01 2091                       /lib/x86_64-linux-gnu/libnss_compat-2.27.so
7f5ab9ab2000-7f5ab9adb000 r-xp 00000000 08:01 778093                     /usr/lib/jvm/java-11-openjdk-amd64/lib/libjava.so
7f5ab9adb000-7f5ab9cda000 ---p 00029000 08:01 778093                     /usr/lib/jvm/java-11-openjdk-amd64/lib/libjava.so
7f5ab9cda000-7f5ab9cdb000 r--p 00028000 08:01 778093                     /usr/lib/jvm/java-11-openjdk-amd64/lib/libjava.so
7f5ab9cdb000-7f5ab9cdd000 rw-p 00029000 08:01 778093                     /usr/lib/jvm/java-11-openjdk-amd64/lib/libjava.so
7f5ab9cdd000-7f5ab9cea000 r-xp 00000000 08:01 778113                     /usr/lib/jvm/java-11-openjdk-amd64/lib/libverify.so
7f5ab9cea000-7f5ab9ee9000 ---p 0000d000 08:01 778113                     /usr/lib/jvm/java-11-openjdk-amd64/lib/libverify.so
7f5ab9ee9000-7f5ab9eeb000 r--p 0000c000 08:01 778113                     /usr/lib/jvm/java-11-openjdk-amd64/lib/libverify.so
7f5ab9eeb000-7f5ab9eec000 rw-p 0000e000 08:01 778113                     /usr/lib/jvm/java-11-openjdk-amd64/lib/libverify.so
7f5ab9eec000-7f5ab9ef3000 r-xp 00000000 08:01 2180                       /lib/x86_64-linux-gnu/librt-2.27.so
7f5ab9ef3000-7f5aba0f2000 ---p 00007000 08:01 2180                       /lib/x86_64-linux-gnu/librt-2.27.so
7f5aba0f2000-7f5aba0f3000 r--p 00006000 08:01 2180                       /lib/x86_64-linux-gnu/librt-2.27.so
7f5aba0f3000-7f5aba0f4000 rw-p 00007000 08:01 2180                       /lib/x86_64-linux-gnu/librt-2.27.so
7f5aba0f4000-7f5aba10b000 r-xp 00000000 08:01 2096                       /lib/x86_64-linux-gnu/libgcc_s.so.1
7f5aba10b000-7f5aba30a000 ---p 00017000 08:01 2096                       /lib/x86_64-linux-gnu/libgcc_s.so.1
7f5aba30a000-7f5aba30b000 r--p 00016000 08:01 2096                       /lib/x86_64-linux-gnu/libgcc_s.so.1
7f5aba30b000-7f5aba30c000 rw-p 00017000 08:01 2096                       /lib/x86_64-linux-gnu/libgcc_s.so.1
7f5aba30c000-7f5aba4a9000 r-xp 00000000 08:01 2087                       /lib/x86_64-linux-gnu/libm-2.27.so
7f5aba4a9000-7f5aba6a8000 ---p 0019d000 08:01 2087                       /lib/x86_64-linux-gnu/libm-2.27.so
7f5aba6a8000-7f5aba6a9000 r--p 0019c000 08:01 2087                       /lib/x86_64-linux-gnu/libm-2.27.so
7f5aba6a9000-7f5aba6aa000 rw-p 0019d000 08:01 2087                       /lib/x86_64-linux-gnu/libm-2.27.so
7f5aba6aa000-7f5aba823000 r-xp 00000000 08:01 5017                       /usr/lib/x86_64-linux-gnu/libstdc++.so.6.0.25
7f5aba823000-7f5abaa23000 ---p 00179000 08:01 5017                       /usr/lib/x86_64-linux-gnu/libstdc++.so.6.0.25
7f5abaa23000-7f5abaa2d000 r--p 00179000 08:01 5017                       /usr/lib/x86_64-linux-gnu/libstdc++.so.6.0.25
7f5abaa2d000-7f5abaa2f000 rw-p 00183000 08:01 5017                       /usr/lib/x86_64-linux-gnu/libstdc++.so.6.0.25
7f5abaa2f000-7f5abaa33000 rw-p 00000000 00:00 0 
7f5abaa33000-7f5abbaff000 r-xp 00000000 08:01 778120                     /usr/lib/jvm/java-11-openjdk-amd64/lib/server/libjvm.so
7f5abbaff000-7f5abbcfe000 ---p 010cc000 08:01 778120                     /usr/lib/jvm/java-11-openjdk-amd64/lib/server/libjvm.so
7f5abbcfe000-7f5abbdbb000 r--p 010cb000 08:01 778120                     /usr/lib/jvm/java-11-openjdk-amd64/lib/server/libjvm.so
7f5abbdbb000-7f5abbdf4000 rw-p 01188000 08:01 778120                     /usr/lib/jvm/java-11-openjdk-amd64/lib/server/libjvm.so
7f5abbdf4000-7f5abbe4a000 rw-p 00000000 00:00 0 
7f5abbe4a000-7f5abbe64000 r-xp 00000000 08:01 2178                       /lib/x86_64-linux-gnu/libpthread-2.27.so
7f5abbe64000-7f5abc063000 ---p 0001a000 08:01 2178                       /lib/x86_64-linux-gnu/libpthread-2.27.so
7f5abc063000-7f5abc064000 r--p 00019000 08:01 2178                       /lib/x86_64-linux-gnu/libpthread-2.27.so
7f5abc064000-7f5abc065000 rw-p 0001a000 08:01 2178                       /lib/x86_64-linux-gnu/libpthread-2.27.so
7f5abc065000-7f5abc069000 rw-p 00000000 00:00 0 
7f5abc069000-7f5abc06c000 r-xp 00000000 08:01 2086                       /lib/x86_64-linux-gnu/libdl-2.27.so
7f5abc06c000-7f5abc26b000 ---p 00003000 08:01 2086                       /lib/x86_64-linux-gnu/libdl-2.27.so
7f5abc26b000-7f5abc26c000 r--p 00002000 08:01 2086                       /lib/x86_64-linux-gnu/libdl-2.27.so
7f5abc26c000-7f5abc26d000 rw-p 00003000 08:01 2086                       /lib/x86_64-linux-gnu/libdl-2.27.so
7f5abc26d000-7f5abc289000 r-xp 00000000 08:01 2183                       /lib/x86_64-linux-gnu/libz.so.1.2.11
7f5abc289000-7f5abc488000 ---p 0001c000 08:01 2183                       /lib/x86_64-linux-gnu/libz.so.1.2.11
7f5abc488000-7f5abc489000 r--p 0001b000 08:01 2183                       /lib/x86_64-linux-gnu/libz.so.1.2.11
7f5abc489000-7f5abc48a000 rw-p 0001c000 08:01 2183                       /lib/x86_64-linux-gnu/libz.so.1.2.11
7f5abc48a000-7f5abc671000 r-xp 00000000 08:01 2083                       /lib/x86_64-linux-gnu/libc-2.27.so
7f5abc671000-7f5abc871000 ---p 001e7000 08:01 2083                       /lib/x86_64-linux-gnu/libc-2.27.so
7f5abc871000-7f5abc875000 r--p 001e7000 08:01 2083                       /lib/x86_64-linux-gnu/libc-2.27.so
7f5abc875000-7f5abc877000 rw-p 001eb000 08:01 2083                       /lib/x86_64-linux-gnu/libc-2.27.so
7f5abc877000-7f5abc87b000 rw-p 00000000 00:00 0 
7f5abc87b000-7f5abc88b000 r-xp 00000000 08:01 778077                     /usr/lib/jvm/java-11-openjdk-amd64/lib/jli/libjli.so
7f5abc88b000-7f5abca8a000 ---p 00010000 08:01 778077                     /usr/lib/jvm/java-11-openjdk-amd64/lib/jli/libjli.so
7f5abca8a000-7f5abca8b000 r--p 0000f000 08:01 778077                     /usr/lib/jvm/java-11-openjdk-amd64/lib/jli/libjli.so
7f5abca8b000-7f5abca8c000 rw-p 00010000 08:01 778077                     /usr/lib/jvm/java-11-openjdk-amd64/lib/jli/libjli.so
7f5abca8c000-7f5abcab3000 r-xp 00000000 08:01 2079                       /lib/x86_64-linux-gnu/ld-2.27.so
7f5abcad7000-7f5abcb97000 rw-p 00000000 00:00 0 
7f5abcb97000-7f5abcb9e000 ---p 00000000 00:00 0 
7f5abcb9e000-7f5abcba6000 rw-s 00000000 08:01 778552                     /tmp/hsperfdata_kensim/1936
7f5abcba6000-7f5abcbaa000 ---p 00000000 00:00 0 
7f5abcbaa000-7f5abcca9000 rw-p 00000000 00:00 0 
7f5abccad000-7f5abccaf000 r--s 00007000 08:01 84042                      /usr/share/java/java-atk-wrapper.jar
7f5abccaf000-7f5abccb0000 ---p 00000000 00:00 0 
7f5abccb0000-7f5abccb1000 r--p 00000000 00:00 0 
7f5abccb1000-7f5abccb3000 rw-p 00000000 00:00 0 
7f5abccb3000-7f5abccb4000 r--p 00027000 08:01 2079                       /lib/x86_64-linux-gnu/ld-2.27.so
7f5abccb4000-7f5abccb5000 rw-p 00028000 08:01 2079                       /lib/x86_64-linux-gnu/ld-2.27.so
7f5abccb5000-7f5abccb6000 rw-p 00000000 00:00 0 
7ffed33bd000-7ffed33de000 rw-p 00000000 00:00 0                          [stack]
7ffed33e6000-7ffed33e9000 r--p 00000000 00:00 0                          [vvar]
7ffed33e9000-7ffed33ea000 r-xp 00000000 00:00 0                          [vdso]
ffffffffff600000-ffffffffff601000 r-xp 00000000 00:00 0                  [vsyscall]


VM Arguments:
jvm_args: -Xmx7600M -Xms7600M 
java_command: spigot-1.14.4.jar
java_class_path (initial): spigot-1.14.4.jar
Launcher Type: SUN_STANDARD

[Global flags]
     intx CICompilerCount                          = 2                                         {product} {ergonomic}
     uint ConcGCThreads                            = 1                                         {product} {ergonomic}
     uint G1ConcRefinementThreads                  = 2                                         {product} {ergonomic}
   size_t G1HeapRegionSize                         = 2097152                                   {product} {ergonomic}
    uintx GCDrainStackTargetSize                   = 64                                        {product} {ergonomic}
   size_t InitialHeapSize                          = 7969177600                                {product} {command line}
   size_t MarkStackSize                            = 4194304                                   {product} {ergonomic}
   size_t MaxHeapSize                              = 7969177600                                {product} {command line}
   size_t MinHeapDeltaBytes                        = 2097152                                   {product} {ergonomic}
    uintx NonNMethodCodeHeapSize                   = 5824844                                {pd product} {ergonomic}
    uintx NonProfiledCodeHeapSize                  = 122916698                              {pd product} {ergonomic}
    uintx ProfiledCodeHeapSize                     = 122916698                              {pd product} {ergonomic}
    uintx ReservedCodeCacheSize                    = 251658240                              {pd product} {ergonomic}
     bool SegmentedCodeCache                       = true                                      {product} {ergonomic}
     bool UseCompressedClassPointers               = true                                 {lp64_product} {ergonomic}
     bool UseCompressedOops                        = true                                 {lp64_product} {ergonomic}
     bool UseG1GC                                  = true                                      {product} {ergonomic}

Logging:
Log output configuration:
 #0: stdout all=warning uptime,level,tags
 #1: stderr all=off uptime,level,tags

Environment Variables:
PATH=/usr/local/sbin:/usr/local/bin:/usr/sbin:/usr/bin:/sbin:/bin:/usr/games:/usr/local/games:/snap/bin
SHELL=/bin/bash

Signal Handlers:
SIGSEGV: [libjvm.so+0xde5f50], sa_mask[0]=11111111011111111101111111111110, sa_flags=SA_RESTART|SA_SIGINFO
SIGBUS: [libjvm.so+0xde5f50], sa_mask[0]=11111111011111111101111111111110, sa_flags=SA_RESTART|SA_SIGINFO
SIGFPE: [libjvm.so+0xde5f50], sa_mask[0]=11111111011111111101111111111110, sa_flags=SA_RESTART|SA_SIGINFO
SIGPIPE: [libjvm.so+0xbba5b0], sa_mask[0]=11111111011111111101111111111110, sa_flags=SA_RESTART|SA_SIGINFO
SIGXFSZ: [libjvm.so+0xbba5b0], sa_mask[0]=11111111011111111101111111111110, sa_flags=SA_RESTART|SA_SIGINFO
SIGILL: [libjvm.so+0xde5f50], sa_mask[0]=11111111011111111101111111111110, sa_flags=SA_RESTART|SA_SIGINFO
SIGUSR2: [libjvm.so+0xbba450], sa_mask[0]=00000000000000000000000000000000, sa_flags=SA_RESTART|SA_SIGINFO
SIGHUP: SIG_DFL, sa_mask[0]=00000000000000000000000000000000, sa_flags=none
SIGINT: SIG_DFL, sa_mask[0]=00000000000000000000000000000000, sa_flags=none
SIGTERM: SIG_DFL, sa_mask[0]=00000000000000000000000000000000, sa_flags=none
SIGQUIT: SIG_DFL, sa_mask[0]=00000000000000000000000000000000, sa_flags=none


---------------  S Y S T E M  ---------------

OS:DISTRIB_ID=Ubuntu
DISTRIB_RELEASE=18.04
DISTRIB_CODENAME=bionic
DISTRIB_DESCRIPTION="Ubuntu 18.04.3 LTS"
uname:Linux 5.0.0-1025-azure #27~18.04.1-Ubuntu SMP Mon Nov 11 15:19:19 UTC 2019 x86_64
libc:glibc 2.27 NPTL 2.27 
rlimit: STACK 8192k, CORE 0k, NPROC 31711, NOFILE 1048576, AS infinity, DATA infinity, FSIZE infinity
load average:0.20 0.23 0.09

/proc/meminfo:
MemTotal:        8144408 kB
MemFree:         7635348 kB
MemAvailable:    7596864 kB
Buffers:           14820 kB
Cached:           155476 kB
SwapCached:            0 kB
Active:           143800 kB
Inactive:          92352 kB
Active(anon):      66364 kB
Inactive(anon):      292 kB
Active(file):      77436 kB
Inactive(file):    92060 kB
Unevictable:           0 kB
Mlocked:               0 kB
SwapTotal:             0 kB
SwapFree:              0 kB
Dirty:               112 kB
Writeback:             0 kB
AnonPages:         66000 kB
Mapped:            44792 kB
Shmem:               664 kB
KReclaimable:      43032 kB
Slab:             106900 kB
SReclaimable:      43032 kB
SUnreclaim:        63868 kB
KernelStack:        4416 kB
PageTables:         4356 kB
NFS_Unstable:          0 kB
Bounce:                0 kB
WritebackTmp:          0 kB
CommitLimit:     4072204 kB
Committed_AS:     284836 kB
VmallocTotal:   34359738367 kB
VmallocUsed:           0 kB
VmallocChunk:          0 kB
Percpu:            58368 kB
HardwareCorrupted:     0 kB
AnonHugePages:      2048 kB
ShmemHugePages:        0 kB
ShmemPmdMapped:        0 kB
CmaTotal:              0 kB
CmaFree:               0 kB
HugePages_Total:       0
HugePages_Free:        0
HugePages_Rsvd:        0
HugePages_Surp:        0
Hugepagesize:       2048 kB
Hugetlb:               0 kB
DirectMap4k:      116672 kB
DirectMap2M:     3028992 kB
DirectMap1G:     7340032 kB


/proc/sys/kernel/threads-max (system-wide limit on the number of threads):
63423


/proc/sys/vm/max_map_count (maximum number of memory map areas a process may have):
65530


/proc/sys/kernel/pid_max (system-wide limit on number of process identifiers):
131072



container (cgroup) information:
container_type: cgroupv1
cpu_cpuset_cpus: 0-1
cpu_memory_nodes: 0
active_processor_count: 2
cpu_quota: -1
cpu_period: 100000
cpu_shares: -1
memory_limit_in_bytes: -1
memory_and_swap_limit_in_bytes: -2
memory_soft_limit_in_bytes: -1
memory_usage_in_bytes: 38055936
memory_max_usage_in_bytes: 38055936

Steal ticks since vm start: 0
Steal ticks percentage since vm start:  0.000

CPU:total 2 (initial active 2) (2 cores per cpu, 1 threads per core) family 6 model 79 stepping 1, cmov, cx8, fxsr, mmx, sse, sse2, sse3, ssse3, sse4.1, sse4.2, popcnt, avx, avx2, aes, clmul, erms, rtm, 3dnowpref, lzcnt, tsc, bmi1, bmi2, adx, fma
CPU Model and flags from /proc/cpuinfo:
model name	: Intel(R) Xeon(R) CPU E5-2673 v4 @ 2.30GHz
flags		: fpu vme de pse tsc msr pae mce cx8 apic sep mtrr pge mca cmov pat pse36 clflush mmx fxsr sse sse2 ss ht syscall nx pdpe1gb rdtscp lm constant_tsc rep_good nopl xtopology cpuid pni pclmulqdq ssse3 fma cx16 pcid sse4_1 sse4_2 movbe popcnt aes xsave avx f16c rdrand hypervisor lahf_lm abm 3dnowprefetch invpcid_single pti fsgsbase bmi1 hle avx2 smep bmi2 erms invpcid rtm rdseed adx smap xsaveopt md_clear

Memory: 4k page, physical 8144408k(7635348k free), swap 0k(0k free)

vm_info: OpenJDK 64-Bit Server VM (11.0.4+11-post-Ubuntu-1ubuntu218.04.3) for linux-amd64 JRE (11.0.4+11-post-Ubuntu-1ubuntu218.04.3), built on Jul 18 2019 18:21:46 by "buildd" with gcc 7.4.0

END.
