[15:01:30] [User Authenticator #12/INFO]: UUID of player Turbokid is 9d73dbb8-dfd1-3fcb-9ef8-9b0cdb90afa4
[15:01:31] [Server thread/INFO]: Turbokid[/138.75.64.6:50903] logged in with entity id 17851 at ([world]167.29999997466803, 64.0000002, -103.70000002533197)
[15:28:01] [Server thread/INFO]: Turbokid has made the advancement [Voluntary Exile]
[15:45:19] [Server thread/INFO]: Turbokid has made the advancement [Ice Bucket Challenge]
[16:02:24] [Server thread/INFO]: [Server] hi brandon
[16:02:32] [Server thread/INFO]: [Server] i'm going to restart the server now
[16:02:38] [Server thread/INFO]: [Server] ok ah
[16:02:39] [Server thread/INFO]: There are 1 of a max 20 players online: Turbokid
[16:02:45] [Server thread/INFO]: Saving the game (this may take a moment!)
[16:02:45] [Server thread/INFO]: Saved the game
[16:02:48] [Server thread/INFO]: Unknown command. Type "/help" for help.[m
[16:02:51] [Server thread/INFO]: Unknown command. Type "/help" for help.[m
[16:02:51] [Server thread/INFO]: Stopping the server
[16:02:51] [Server thread/INFO]: Stopping server
[16:02:51] [Server thread/INFO]: [SkinsRestorer] Disabling SkinsRestorer v13.7.3
[16:02:52] [Server thread/INFO]: Saving players
[16:02:52] [Server thread/INFO]: Turbokid lost connection: Server closed
[16:02:52] [Server thread/INFO]: Turbokid left the game
[16:02:52] [Server thread/INFO]: Saving worlds
[16:02:52] [Server thread/INFO]: Saving chunks for level 'world'/minecraft:overworld
[16:02:52] [Server thread/INFO]: ThreadedAnvilChunkStorage (world): All chunks are saved
[16:02:52] [Server thread/INFO]: Saving chunks for level 'world_nether'/minecraft:the_nether
[16:02:52] [Server thread/INFO]: ThreadedAnvilChunkStorage (DIM-1): All chunks are saved
[16:02:52] [Server thread/INFO]: Saving chunks for level 'world_the_end'/minecraft:the_end
[16:02:52] [Server thread/INFO]: ThreadedAnvilChunkStorage (DIM1): All chunks are saved
[16:02:52] [Server thread/INFO]: ThreadedAnvilChunkStorage (world): All chunks are saved
[16:02:52] [Server thread/INFO]: ThreadedAnvilChunkStorage (DIM-1): All chunks are saved
[16:02:52] [Server thread/INFO]: ThreadedAnvilChunkStorage (DIM1): All chunks are saved
